<?xml version="1.0" encoding="UTF-8"?>
<testng-results skipped="0" failed="0" total="2" passed="2">
  <reporter-output>
  </reporter-output>
  <suite name="Default suite" duration-ms="211685" started-at="2019-09-10T11:24:24Z" finished-at="2019-09-10T11:27:56Z">
    <groups>
    </groups>
    <test name="Default test" duration-ms="211685" started-at="2019-09-10T11:24:24Z" finished-at="2019-09-10T11:27:56Z">
      <class name="com.tvsm2.TestCases.AddVehicleTest">
        <test-method status="PASS" signature="run()[pri:0, instance:com.tvsm2.TestCases.AddVehicleTest@5d76b067]" name="run" is-config="true" duration-ms="62137" started-at="2019-09-10T16:54:24Z" finished-at="2019-09-10T16:55:26Z">
          <reporter-output>
          </reporter-output>
        </test-method> <!-- run -->
        <test-method status="PASS" signature="add_vehicle_test()[pri:0, instance:com.tvsm2.TestCases.AddVehicleTest@5d76b067]" name="add_vehicle_test" duration-ms="64637" started-at="2019-09-10T16:55:26Z" finished-at="2019-09-10T16:56:31Z">
          <reporter-output>
          </reporter-output>
        </test-method> <!-- add_vehicle_test -->
        <test-method status="PASS" signature="logout()[pri:0, instance:com.tvsm2.TestCases.AddVehicleTest@5d76b067]" name="logout" is-config="true" duration-ms="5376" started-at="2019-09-10T16:56:31Z" finished-at="2019-09-10T16:56:36Z">
          <reporter-output>
          </reporter-output>
        </test-method> <!-- logout -->
        <test-method status="PASS" signature="quit()[pri:0, instance:com.tvsm2.TestCases.AddVehicleTest@5d76b067]" name="quit" is-config="true" duration-ms="3500" started-at="2019-09-10T16:56:36Z" finished-at="2019-09-10T16:56:40Z">
          <reporter-output>
          </reporter-output>
        </test-method> <!-- quit -->
        <test-method status="PASS" signature="run()[pri:0, instance:com.tvsm2.TestCases.AddVehicleTest@5d76b067]" name="run" is-config="true" duration-ms="5807" started-at="2019-09-10T16:56:40Z" finished-at="2019-09-10T16:56:46Z">
          <reporter-output>
          </reporter-output>
        </test-method> <!-- run -->
        <test-method status="PASS" signature="delete_vehicle_test()[pri:0, instance:com.tvsm2.TestCases.AddVehicleTest@5d76b067]" name="delete_vehicle_test" duration-ms="62242" started-at="2019-09-10T16:56:46Z" depends-on-methods="com.tvsm2.TestCases.AddVehicleTest.add_vehicle_test" finished-at="2019-09-10T16:57:48Z">
          <reporter-output>
          </reporter-output>
        </test-method> <!-- delete_vehicle_test -->
        <test-method status="PASS" signature="logout()[pri:0, instance:com.tvsm2.TestCases.AddVehicleTest@5d76b067]" name="logout" is-config="true" duration-ms="4564" started-at="2019-09-10T16:57:48Z" finished-at="2019-09-10T16:57:53Z">
          <reporter-output>
          </reporter-output>
        </test-method> <!-- logout -->
        <test-method status="PASS" signature="quit()[pri:0, instance:com.tvsm2.TestCases.AddVehicleTest@5d76b067]" name="quit" is-config="true" duration-ms="3422" started-at="2019-09-10T16:57:53Z" finished-at="2019-09-10T16:57:56Z">
          <reporter-output>
          </reporter-output>
        </test-method> <!-- quit -->
      </class> <!-- com.tvsm2.TestCases.AddVehicleTest -->
    </test> <!-- Default test -->
  </suite> <!-- Default suite -->
</testng-results>
